{"C:\\Users\\AN515\\horarios-backend\\server.js": {"path":"C:\\Users\\AN515\\horarios-backend\\server.js","statementMap":{"0":{"start":{"line":1,"column":16},"end":{"line":1,"column":34}},"1":{"start":{"line":2,"column":13},"end":{"line":2,"column":28}},"2":{"start":{"line":3,"column":17},"end":{"line":3,"column":36}},"3":{"start":{"line":4,"column":19},"end":{"line":4,"column":53}},"4":{"start":{"line":5,"column":23},"end":{"line":5,"column":61}},"5":{"start":{"line":6,"column":21},"end":{"line":6,"column":61}},"6":{"start":{"line":8,"column":0},"end":{"line":8,"column":27}},"7":{"start":{"line":10,"column":12},"end":{"line":10,"column":21}},"8":{"start":{"line":11,"column":13},"end":{"line":11,"column":37}},"9":{"start":{"line":13,"column":0},"end":{"line":13,"column":16}},"10":{"start":{"line":14,"column":0},"end":{"line":14,"column":24}},"11":{"start":{"line":16,"column":0},"end":{"line":16,"column":34}},"12":{"start":{"line":17,"column":0},"end":{"line":17,"column":42}},"13":{"start":{"line":20,"column":0},"end":{"line":20,"column":22}},"14":{"start":{"line":22,"column":0},"end":{"line":24,"column":34}},"15":{"start":{"line":23,"column":14},"end":{"line":23,"column":46}},"16":{"start":{"line":24,"column":16},"end":{"line":24,"column":32}},"17":{"start":{"line":26,"column":0},"end":{"line":26,"column":70}},"18":{"start":{"line":26,"column":23},"end":{"line":26,"column":68}}},"fnMap":{"0":{"name":"(anonymous_0)","decl":{"start":{"line":23,"column":8},"end":{"line":23,"column":9}},"loc":{"start":{"line":23,"column":14},"end":{"line":23,"column":46}},"line":23},"1":{"name":"(anonymous_1)","decl":{"start":{"line":24,"column":9},"end":{"line":24,"column":10}},"loc":{"start":{"line":24,"column":16},"end":{"line":24,"column":32}},"line":24},"2":{"name":"(anonymous_2)","decl":{"start":{"line":26,"column":17},"end":{"line":26,"column":18}},"loc":{"start":{"line":26,"column":23},"end":{"line":26,"column":68}},"line":26}},"branchMap":{"0":{"loc":{"start":{"line":11,"column":13},"end":{"line":11,"column":37}},"type":"binary-expr","locations":[{"start":{"line":11,"column":13},"end":{"line":11,"column":29}},{"start":{"line":11,"column":33},"end":{"line":11,"column":37}}],"line":11}},"s":{"0":1,"1":1,"2":1,"3":1,"4":1,"5":1,"6":1,"7":1,"8":1,"9":1,"10":1,"11":1,"12":1,"13":1,"14":1,"15":0,"16":0,"17":1,"18":0},"f":{"0":0,"1":0,"2":0},"b":{"0":[1,0]},"_coverageSchema":"1a1c01bbd47fc00a2c39e90264f33305004495a9","hash":"44c72c29f27fc683bdea2458dc20dafcc0a981c5"}
,"C:\\Users\\AN515\\horarios-backend\\src\\controllers\\scheduleController.js": {"path":"C:\\Users\\AN515\\horarios-backend\\src\\controllers\\scheduleController.js","statementMap":{"0":{"start":{"line":1,"column":17},"end":{"line":1,"column":46}},"1":{"start":{"line":2,"column":29},"end":{"line":2,"column":57}},"2":{"start":{"line":5,"column":23},"end":{"line":20,"column":1}},"3":{"start":{"line":6,"column":17},"end":{"line":6,"column":38}},"4":{"start":{"line":7,"column":2},"end":{"line":9,"column":3}},"5":{"start":{"line":8,"column":4},"end":{"line":8,"column":60}},"6":{"start":{"line":11,"column":2},"end":{"line":19,"column":3}},"7":{"start":{"line":12,"column":21},"end":{"line":15,"column":6}},"8":{"start":{"line":16,"column":4},"end":{"line":16,"column":35}},"9":{"start":{"line":18,"column":4},"end":{"line":18,"column":16}},"10":{"start":{"line":23,"column":21},"end":{"line":32,"column":1}},"11":{"start":{"line":24,"column":2},"end":{"line":31,"column":3}},"12":{"start":{"line":25,"column":22},"end":{"line":27,"column":36}},"13":{"start":{"line":28,"column":4},"end":{"line":28,"column":24}},"14":{"start":{"line":30,"column":4},"end":{"line":30,"column":16}},"15":{"start":{"line":35,"column":23},"end":{"line":54,"column":1}},"16":{"start":{"line":36,"column":17},"end":{"line":36,"column":38}},"17":{"start":{"line":37,"column":2},"end":{"line":39,"column":3}},"18":{"start":{"line":38,"column":4},"end":{"line":38,"column":60}},"19":{"start":{"line":41,"column":2},"end":{"line":53,"column":3}},"20":{"start":{"line":42,"column":21},"end":{"line":46,"column":5}},"21":{"start":{"line":47,"column":4},"end":{"line":49,"column":5}},"22":{"start":{"line":48,"column":6},"end":{"line":48,"column":69}},"23":{"start":{"line":50,"column":4},"end":{"line":50,"column":23}},"24":{"start":{"line":52,"column":4},"end":{"line":52,"column":16}},"25":{"start":{"line":57,"column":23},"end":{"line":72,"column":1}},"26":{"start":{"line":58,"column":17},"end":{"line":58,"column":38}},"27":{"start":{"line":59,"column":2},"end":{"line":61,"column":3}},"28":{"start":{"line":60,"column":4},"end":{"line":60,"column":60}},"29":{"start":{"line":63,"column":2},"end":{"line":71,"column":3}},"30":{"start":{"line":64,"column":21},"end":{"line":64,"column":68}},"31":{"start":{"line":65,"column":4},"end":{"line":67,"column":5}},"32":{"start":{"line":66,"column":6},"end":{"line":66,"column":69}},"33":{"start":{"line":68,"column":4},"end":{"line":68,"column":59}},"34":{"start":{"line":70,"column":4},"end":{"line":70,"column":16}},"35":{"start":{"line":75,"column":0},"end":{"line":80,"column":2}}},"fnMap":{"0":{"name":"(anonymous_0)","decl":{"start":{"line":5,"column":23},"end":{"line":5,"column":24}},"loc":{"start":{"line":5,"column":49},"end":{"line":20,"column":1}},"line":5},"1":{"name":"(anonymous_1)","decl":{"start":{"line":23,"column":21},"end":{"line":23,"column":22}},"loc":{"start":{"line":23,"column":47},"end":{"line":32,"column":1}},"line":23},"2":{"name":"(anonymous_2)","decl":{"start":{"line":35,"column":23},"end":{"line":35,"column":24}},"loc":{"start":{"line":35,"column":49},"end":{"line":54,"column":1}},"line":35},"3":{"name":"(anonymous_3)","decl":{"start":{"line":57,"column":23},"end":{"line":57,"column":24}},"loc":{"start":{"line":57,"column":49},"end":{"line":72,"column":1}},"line":57}},"branchMap":{"0":{"loc":{"start":{"line":7,"column":2},"end":{"line":9,"column":3}},"type":"if","locations":[{"start":{"line":7,"column":2},"end":{"line":9,"column":3}},{"start":{},"end":{}}],"line":7},"1":{"loc":{"start":{"line":37,"column":2},"end":{"line":39,"column":3}},"type":"if","locations":[{"start":{"line":37,"column":2},"end":{"line":39,"column":3}},{"start":{},"end":{}}],"line":37},"2":{"loc":{"start":{"line":47,"column":4},"end":{"line":49,"column":5}},"type":"if","locations":[{"start":{"line":47,"column":4},"end":{"line":49,"column":5}},{"start":{},"end":{}}],"line":47},"3":{"loc":{"start":{"line":59,"column":2},"end":{"line":61,"column":3}},"type":"if","locations":[{"start":{"line":59,"column":2},"end":{"line":61,"column":3}},{"start":{},"end":{}}],"line":59},"4":{"loc":{"start":{"line":65,"column":4},"end":{"line":67,"column":5}},"type":"if","locations":[{"start":{"line":65,"column":4},"end":{"line":67,"column":5}},{"start":{},"end":{}}],"line":65}},"s":{"0":1,"1":1,"2":1,"3":0,"4":0,"5":0,"6":0,"7":0,"8":0,"9":0,"10":1,"11":0,"12":0,"13":0,"14":0,"15":1,"16":0,"17":0,"18":0,"19":0,"20":0,"21":0,"22":0,"23":0,"24":0,"25":1,"26":0,"27":0,"28":0,"29":0,"30":0,"31":0,"32":0,"33":0,"34":0,"35":1},"f":{"0":0,"1":0,"2":0,"3":0},"b":{"0":[0,0],"1":[0,0],"2":[0,0],"3":[0,0],"4":[0,0]},"_coverageSchema":"1a1c01bbd47fc00a2c39e90264f33305004495a9","hash":"77d75ff4cf74bba91eaf539f0763a8fa04a98d78"}
,"C:\\Users\\AN515\\horarios-backend\\src\\controllers\\userController.js": {"path":"C:\\Users\\AN515\\horarios-backend\\src\\controllers\\userController.js","statementMap":{"0":{"start":{"line":1,"column":13},"end":{"line":1,"column":38}},"1":{"start":{"line":2,"column":29},"end":{"line":2,"column":57}},"2":{"start":{"line":5,"column":19},"end":{"line":11,"column":1}},"3":{"start":{"line":6,"column":2},"end":{"line":10,"column":3}},"4":{"start":{"line":7,"column":4},"end":{"line":7,"column":23}},"5":{"start":{"line":9,"column":4},"end":{"line":9,"column":16}},"6":{"start":{"line":14,"column":20},"end":{"line":21,"column":1}},"7":{"start":{"line":15,"column":2},"end":{"line":20,"column":3}},"8":{"start":{"line":16,"column":18},"end":{"line":16,"column":55}},"9":{"start":{"line":17,"column":4},"end":{"line":17,"column":20}},"10":{"start":{"line":19,"column":4},"end":{"line":19,"column":16}},"11":{"start":{"line":24,"column":20},"end":{"line":39,"column":1}},"12":{"start":{"line":25,"column":17},"end":{"line":25,"column":38}},"13":{"start":{"line":26,"column":2},"end":{"line":28,"column":3}},"14":{"start":{"line":27,"column":4},"end":{"line":27,"column":60}},"15":{"start":{"line":30,"column":2},"end":{"line":38,"column":3}},"16":{"start":{"line":31,"column":17},"end":{"line":31,"column":71}},"17":{"start":{"line":32,"column":4},"end":{"line":34,"column":5}},"18":{"start":{"line":33,"column":6},"end":{"line":33,"column":65}},"19":{"start":{"line":35,"column":4},"end":{"line":35,"column":31}},"20":{"start":{"line":37,"column":4},"end":{"line":37,"column":16}},"21":{"start":{"line":42,"column":19},"end":{"line":63,"column":1}},"22":{"start":{"line":43,"column":17},"end":{"line":43,"column":38}},"23":{"start":{"line":44,"column":2},"end":{"line":46,"column":3}},"24":{"start":{"line":45,"column":4},"end":{"line":45,"column":60}},"25":{"start":{"line":48,"column":2},"end":{"line":62,"column":3}},"26":{"start":{"line":49,"column":24},"end":{"line":53,"column":25}},"27":{"start":{"line":55,"column":4},"end":{"line":57,"column":5}},"28":{"start":{"line":56,"column":6},"end":{"line":56,"column":65}},"29":{"start":{"line":59,"column":4},"end":{"line":59,"column":38}},"30":{"start":{"line":61,"column":4},"end":{"line":61,"column":16}},"31":{"start":{"line":66,"column":19},"end":{"line":81,"column":1}},"32":{"start":{"line":67,"column":17},"end":{"line":67,"column":38}},"33":{"start":{"line":68,"column":2},"end":{"line":70,"column":3}},"34":{"start":{"line":69,"column":4},"end":{"line":69,"column":60}},"35":{"start":{"line":72,"column":2},"end":{"line":80,"column":3}},"36":{"start":{"line":73,"column":17},"end":{"line":73,"column":60}},"37":{"start":{"line":74,"column":4},"end":{"line":76,"column":5}},"38":{"start":{"line":75,"column":6},"end":{"line":75,"column":65}},"39":{"start":{"line":77,"column":4},"end":{"line":77,"column":67}},"40":{"start":{"line":79,"column":4},"end":{"line":79,"column":16}},"41":{"start":{"line":84,"column":0},"end":{"line":90,"column":2}}},"fnMap":{"0":{"name":"(anonymous_0)","decl":{"start":{"line":5,"column":19},"end":{"line":5,"column":20}},"loc":{"start":{"line":5,"column":39},"end":{"line":11,"column":1}},"line":5},"1":{"name":"(anonymous_1)","decl":{"start":{"line":14,"column":20},"end":{"line":14,"column":21}},"loc":{"start":{"line":14,"column":46},"end":{"line":21,"column":1}},"line":14},"2":{"name":"(anonymous_2)","decl":{"start":{"line":24,"column":20},"end":{"line":24,"column":21}},"loc":{"start":{"line":24,"column":46},"end":{"line":39,"column":1}},"line":24},"3":{"name":"(anonymous_3)","decl":{"start":{"line":42,"column":19},"end":{"line":42,"column":20}},"loc":{"start":{"line":42,"column":45},"end":{"line":63,"column":1}},"line":42},"4":{"name":"(anonymous_4)","decl":{"start":{"line":66,"column":19},"end":{"line":66,"column":20}},"loc":{"start":{"line":66,"column":45},"end":{"line":81,"column":1}},"line":66}},"branchMap":{"0":{"loc":{"start":{"line":26,"column":2},"end":{"line":28,"column":3}},"type":"if","locations":[{"start":{"line":26,"column":2},"end":{"line":28,"column":3}},{"start":{},"end":{}}],"line":26},"1":{"loc":{"start":{"line":32,"column":4},"end":{"line":34,"column":5}},"type":"if","locations":[{"start":{"line":32,"column":4},"end":{"line":34,"column":5}},{"start":{},"end":{}}],"line":32},"2":{"loc":{"start":{"line":44,"column":2},"end":{"line":46,"column":3}},"type":"if","locations":[{"start":{"line":44,"column":2},"end":{"line":46,"column":3}},{"start":{},"end":{}}],"line":44},"3":{"loc":{"start":{"line":55,"column":4},"end":{"line":57,"column":5}},"type":"if","locations":[{"start":{"line":55,"column":4},"end":{"line":57,"column":5}},{"start":{},"end":{}}],"line":55},"4":{"loc":{"start":{"line":68,"column":2},"end":{"line":70,"column":3}},"type":"if","locations":[{"start":{"line":68,"column":2},"end":{"line":70,"column":3}},{"start":{},"end":{}}],"line":68},"5":{"loc":{"start":{"line":74,"column":4},"end":{"line":76,"column":5}},"type":"if","locations":[{"start":{"line":74,"column":4},"end":{"line":76,"column":5}},{"start":{},"end":{}}],"line":74}},"s":{"0":2,"1":2,"2":2,"3":1,"4":1,"5":0,"6":2,"7":1,"8":1,"9":1,"10":0,"11":2,"12":2,"13":2,"14":0,"15":2,"16":2,"17":0,"18":0,"19":0,"20":2,"21":2,"22":0,"23":0,"24":0,"25":0,"26":0,"27":0,"28":0,"29":0,"30":0,"31":2,"32":0,"33":0,"34":0,"35":0,"36":0,"37":0,"38":0,"39":0,"40":0,"41":2},"f":{"0":1,"1":1,"2":2,"3":0,"4":0},"b":{"0":[0,2],"1":[0,0],"2":[0,0],"3":[0,0],"4":[0,0],"5":[0,0]},"_coverageSchema":"1a1c01bbd47fc00a2c39e90264f33305004495a9","hash":"8e4cb100b110649235071e63e348e867ac7ab1e7"}
,"C:\\Users\\AN515\\horarios-backend\\src\\middleware\\auth.js": {"path":"C:\\Users\\AN515\\horarios-backend\\src\\middleware\\auth.js","statementMap":{"0":{"start":{"line":2,"column":12},"end":{"line":2,"column":35}},"1":{"start":{"line":4,"column":23},"end":{"line":18,"column":1}},"2":{"start":{"line":5,"column":15},"end":{"line":5,"column":66}},"3":{"start":{"line":7,"column":1},"end":{"line":9,"column":2}},"4":{"start":{"line":8,"column":3},"end":{"line":8,"column":65}},"5":{"start":{"line":11,"column":1},"end":{"line":17,"column":2}},"6":{"start":{"line":12,"column":19},"end":{"line":12,"column":60}},"7":{"start":{"line":13,"column":3},"end":{"line":13,"column":22}},"8":{"start":{"line":14,"column":3},"end":{"line":14,"column":10}},"9":{"start":{"line":16,"column":3},"end":{"line":16,"column":54}},"10":{"start":{"line":20,"column":16},"end":{"line":25,"column":1}},"11":{"start":{"line":21,"column":1},"end":{"line":23,"column":2}},"12":{"start":{"line":22,"column":3},"end":{"line":22,"column":69}},"13":{"start":{"line":24,"column":1},"end":{"line":24,"column":8}},"14":{"start":{"line":27,"column":0},"end":{"line":27,"column":45}}},"fnMap":{"0":{"name":"(anonymous_0)","decl":{"start":{"line":4,"column":23},"end":{"line":4,"column":24}},"loc":{"start":{"line":4,"column":43},"end":{"line":18,"column":1}},"line":4},"1":{"name":"(anonymous_1)","decl":{"start":{"line":20,"column":16},"end":{"line":20,"column":17}},"loc":{"start":{"line":20,"column":36},"end":{"line":25,"column":1}},"line":20}},"branchMap":{"0":{"loc":{"start":{"line":7,"column":1},"end":{"line":9,"column":2}},"type":"if","locations":[{"start":{"line":7,"column":1},"end":{"line":9,"column":2}},{"start":{},"end":{}}],"line":7},"1":{"loc":{"start":{"line":21,"column":1},"end":{"line":23,"column":2}},"type":"if","locations":[{"start":{"line":21,"column":1},"end":{"line":23,"column":2}},{"start":{},"end":{}}],"line":21}},"s":{"0":1,"1":1,"2":0,"3":0,"4":0,"5":0,"6":0,"7":0,"8":0,"9":0,"10":1,"11":0,"12":0,"13":0,"14":1},"f":{"0":0,"1":0},"b":{"0":[0,0],"1":[0,0]},"_coverageSchema":"1a1c01bbd47fc00a2c39e90264f33305004495a9","hash":"d382d4b68c0ca132740bffde7c444b2d6902ce37"}
,"C:\\Users\\AN515\\horarios-backend\\src\\middleware\\errorHandler.js": {"path":"C:\\Users\\AN515\\horarios-backend\\src\\middleware\\errorHandler.js","statementMap":{"0":{"start":{"line":1,"column":21},"end":{"line":9,"column":1}},"1":{"start":{"line":2,"column":2},"end":{"line":2,"column":42}},"2":{"start":{"line":5,"column":2},"end":{"line":8,"column":5}},"3":{"start":{"line":11,"column":0},"end":{"line":11,"column":30}}},"fnMap":{"0":{"name":"(anonymous_0)","decl":{"start":{"line":1,"column":21},"end":{"line":1,"column":22}},"loc":{"start":{"line":1,"column":46},"end":{"line":9,"column":1}},"line":1}},"branchMap":{"0":{"loc":{"start":{"line":5,"column":13},"end":{"line":5,"column":34}},"type":"binary-expr","locations":[{"start":{"line":5,"column":13},"end":{"line":5,"column":27}},{"start":{"line":5,"column":31},"end":{"line":5,"column":34}}],"line":5},"1":{"loc":{"start":{"line":7,"column":13},"end":{"line":7,"column":51}},"type":"binary-expr","locations":[{"start":{"line":7,"column":13},"end":{"line":7,"column":24}},{"start":{"line":7,"column":28},"end":{"line":7,"column":51}}],"line":7}},"s":{"0":1,"1":0,"2":0,"3":1},"f":{"0":0},"b":{"0":[0,0],"1":[0,0]},"_coverageSchema":"1a1c01bbd47fc00a2c39e90264f33305004495a9","hash":"a7a436f96df06fa09776338bef77a52e25e46b44"}
,"C:\\Users\\AN515\\horarios-backend\\src\\models\\Schedule.js": {"path":"C:\\Users\\AN515\\horarios-backend\\src\\models\\Schedule.js","statementMap":{"0":{"start":{"line":1,"column":17},"end":{"line":1,"column":36}},"1":{"start":{"line":3,"column":23},"end":{"line":13,"column":24}},"2":{"start":{"line":15,"column":0},"end":{"line":15,"column":60}}},"fnMap":{},"branchMap":{},"s":{"0":1,"1":1,"2":1},"f":{},"b":{},"_coverageSchema":"1a1c01bbd47fc00a2c39e90264f33305004495a9","hash":"ffdfe5c44d04be010840d281734d4fcecd4a9e57"}
,"C:\\Users\\AN515\\horarios-backend\\src\\models\\User.js": {"path":"C:\\Users\\AN515\\horarios-backend\\src\\models\\User.js","statementMap":{"0":{"start":{"line":1,"column":17},"end":{"line":1,"column":36}},"1":{"start":{"line":3,"column":19},"end":{"line":8,"column":2}},"2":{"start":{"line":10,"column":0},"end":{"line":10,"column":52}}},"fnMap":{},"branchMap":{},"s":{"0":2,"1":2,"2":2},"f":{},"b":{},"_coverageSchema":"1a1c01bbd47fc00a2c39e90264f33305004495a9","hash":"23020e3e4d9e69a54dcbe3ca8a0b8fda1f0a594c"}
,"C:\\Users\\AN515\\horarios-backend\\src\\routes\\scheduleRoutes.js": {"path":"C:\\Users\\AN515\\horarios-backend\\src\\routes\\scheduleRoutes.js","statementMap":{"0":{"start":{"line":1,"column":16},"end":{"line":1,"column":34}},"1":{"start":{"line":2,"column":15},"end":{"line":2,"column":31}},"2":{"start":{"line":3,"column":73},"end":{"line":3,"column":117}},"3":{"start":{"line":4,"column":36},"end":{"line":4,"column":65}},"4":{"start":{"line":5,"column":25},"end":{"line":5,"column":53}},"5":{"start":{"line":8,"column":0},"end":{"line":13,"column":19}},"6":{"start":{"line":16,"column":0},"end":{"line":16,"column":46}},"7":{"start":{"line":19,"column":0},"end":{"line":25,"column":19}},"8":{"start":{"line":28,"column":0},"end":{"line":30,"column":19}},"9":{"start":{"line":32,"column":0},"end":{"line":32,"column":24}}},"fnMap":{},"branchMap":{},"s":{"0":1,"1":1,"2":1,"3":1,"4":1,"5":1,"6":1,"7":1,"8":1,"9":1},"f":{},"b":{},"_coverageSchema":"1a1c01bbd47fc00a2c39e90264f33305004495a9","hash":"8a59349520fea18d936f6f9cd1518d7418c2f61d"}
,"C:\\Users\\AN515\\horarios-backend\\src\\routes\\userRoutes.js": {"path":"C:\\Users\\AN515\\horarios-backend\\src\\routes\\userRoutes.js","statementMap":{"0":{"start":{"line":1,"column":16},"end":{"line":1,"column":34}},"1":{"start":{"line":2,"column":15},"end":{"line":2,"column":31}},"2":{"start":{"line":3,"column":36},"end":{"line":3,"column":65}},"3":{"start":{"line":4,"column":25},"end":{"line":4,"column":53}},"4":{"start":{"line":11,"column":4},"end":{"line":11,"column":44}},"5":{"start":{"line":14,"column":0},"end":{"line":14,"column":51}},"6":{"start":{"line":17,"column":0},"end":{"line":17,"column":54}},"7":{"start":{"line":20,"column":0},"end":{"line":22,"column":16}},"8":{"start":{"line":25,"column":0},"end":{"line":30,"column":15}},"9":{"start":{"line":33,"column":0},"end":{"line":35,"column":15}},"10":{"start":{"line":37,"column":0},"end":{"line":37,"column":24}}},"fnMap":{},"branchMap":{},"s":{"0":1,"1":1,"2":1,"3":1,"4":1,"5":1,"6":1,"7":1,"8":1,"9":1,"10":1},"f":{},"b":{},"_coverageSchema":"1a1c01bbd47fc00a2c39e90264f33305004495a9","hash":"df03897cdbb355228e1092982575efe19213eea0"}
}
